<?xml version="1.0" encoding="UTF-8"?>
<testng-results skipped="0" failed="0" ignored="0" total="1" passed="1">
  <reporter-output>
  </reporter-output>
  <suite name="Default suite" duration-ms="262" started-at="2021-04-28T23:14:39 PDT" finished-at="2021-04-28T23:14:40 PDT">
    <groups>
      <group name="cucumber">
        <method signature="TestRunner.feature(cucumber.api.testng.CucumberFeatureWrapper)[pri:0, instance:Runner.TestRunner@87f383f]" name="feature" class="Runner.TestRunner"/>
      </group> <!-- cucumber -->
    </groups>
    <test name="Default test" duration-ms="262" started-at="2021-04-28T23:14:39 PDT" finished-at="2021-04-28T23:14:40 PDT">
      <class name="Runner.TestRunner">
        <test-method status="PASS" signature="setUpClass()[pri:0, instance:Runner.TestRunner@87f383f]" name="setUpClass" is-config="true" duration-ms="128" started-at="2021-04-28T23:14:39 PDT" finished-at="2021-04-28T23:14:40 PDT">
          <reporter-output>
          </reporter-output>
        </test-method> <!-- setUpClass -->
        <test-method status="PASS" signature="feature(cucumber.api.testng.CucumberFeatureWrapper)[pri:0, instance:Runner.TestRunner@87f383f]" name="feature" duration-ms="25" started-at="2021-04-28T23:14:40 PDT" description="Runs Cucumber Feature" data-provider="features" finished-at="2021-04-28T23:14:40 PDT">
          <params>
            <param index="0">
              <value>
                <![CDATA[Test RestCountriesAPI]]>
              </value>
            </param>
          </params>
          <reporter-output>
          </reporter-output>
        </test-method> <!-- feature -->
        <test-method status="PASS" signature="tearDownClass()[pri:0, instance:Runner.TestRunner@87f383f]" name="tearDownClass" is-config="true" duration-ms="14" started-at="2021-04-28T23:14:40 PDT" finished-at="2021-04-28T23:14:40 PDT">
          <reporter-output>
          </reporter-output>
        </test-method> <!-- tearDownClass -->
      </class> <!-- Runner.TestRunner -->
    </test> <!-- Default test -->
  </suite> <!-- Default suite -->
</testng-results>
